2016-03-10 12:35:59.588 [debug] <0.53.0>@lager_handler_watcher:94 Lager installed handler {lager_file_backend,
                            "/Users/mallen/github/basho_bench/ets_r16/20160310_123559/error.log"} into lager_event
2016-03-10 12:35:59.588 [debug] <0.55.0>@lager_handler_watcher:94 Lager installed handler {lager_file_backend,
                            "/Users/mallen/github/basho_bench/ets_r16/20160310_123559/console.log"} into lager_event
2016-03-10 12:35:59.588 [debug] <0.57.0>@lager_handler_watcher:94 Lager installed handler error_logger_lager_h into error_logger
2016-03-10 12:35:59.666 [debug] <0.40.0> Supervisor gr_param_sup started gr_param:start_link(gr_lager_default_tracer_params) at pid <0.59.0>
2016-03-10 12:35:59.666 [debug] <0.39.0> Supervisor gr_counter_sup started gr_counter:start_link(gr_lager_default_tracer_counters) at pid <0.60.0>
2016-03-10 12:35:59.666 [debug] <0.41.0> Supervisor gr_manager_sup started gr_manager:start_link(gr_lager_default_tracer_params_mgr, gr_lager_default_tracer_params, []) at pid <0.61.0>
2016-03-10 12:35:59.667 [debug] <0.41.0> Supervisor gr_manager_sup started gr_manager:start_link(gr_lager_default_tracer_counters_mgr, gr_lager_default_tracer_counters, [{input,0},{filter,0},{output,0}]) at pid <0.62.0>
2016-03-10 12:36:00.040 [debug] <0.49.0>@lager_handler_watcher:94 Lager installed handler lager_backend_throttle into lager_event
2016-03-10 12:36:00.975 [info] <0.7.0> Application lager started on node nonode@nohost
2016-03-10 12:36:00.977 [notice] <0.46.0>@lager_file_backend:127 Changed loglevel of /Users/mallen/github/basho_bench/ets_r16/20160310_123559/console.log to debug
2016-03-10 12:36:00.989 [info] <0.2.0>@basho_bench_keygen:dimension:213 No dimension available for key generator: {int_to_bin_bigendian,{uniform_int,1000}}
2016-03-10 12:36:01.121 [debug] <0.71.0> Supervisor sasl_safe_sup started alarm_handler:start_link() at pid <0.72.0>
2016-03-10 12:36:01.122 [debug] <0.71.0> Supervisor sasl_safe_sup started overload:start_link() at pid <0.73.0>
2016-03-10 12:36:01.123 [debug] <0.70.0> Supervisor sasl_sup started supervisor:start_link({local,sasl_safe_sup}, sasl, safe) at pid <0.71.0>
2016-03-10 12:36:01.150 [debug] <0.70.0> Supervisor sasl_sup started release_handler:start_link() at pid <0.74.0>
2016-03-10 12:36:01.150 [info] <0.7.0> Application sasl started on node nonode@nohost
2016-03-10 12:36:01.296 [debug] <0.79.0> Supervisor crypto_sup started crypto_server:start_link() at pid <0.80.0>
2016-03-10 12:36:01.296 [info] <0.7.0> Application crypto started on node nonode@nohost
2016-03-10 12:36:01.364 [debug] <0.89.0> Supervisor folsom_sup started folsom_sample_slide_sup:start_link() at pid <0.90.0>
2016-03-10 12:36:01.373 [debug] <0.89.0> Supervisor folsom_sup started folsom_meter_timer_server:start_link() at pid <0.91.0>
2016-03-10 12:36:01.382 [debug] <0.89.0> Supervisor folsom_sup started folsom_metrics_histogram_ets:start_link() at pid <0.92.0>
2016-03-10 12:36:01.383 [info] <0.7.0> Application folsom started on node nonode@nohost
2016-03-10 12:36:01.465 [info] <0.85.0>@basho_bench_stats_writer_csv:new:43 module=basho_bench_stats_writer_csv event=start stats_sink=csv
2016-03-10 12:36:01.466 [debug] <0.84.0> Supervisor basho_bench_sup started basho_bench_stats:start_link() at pid <0.85.0>
2016-03-10 12:36:01.490 [info] <0.95.0>@basho_bench_valgen:init_source:88 Random source: calling crypto:rand_bytes(100663296) (override with the 'value_generator_source_size' config option
2016-03-10 12:36:05.798 [info] <0.95.0>@basho_bench_valgen:init_source:95 Random source: finished crypto:rand_bytes(100663296)
2016-03-10 12:36:05.824 [debug] <0.84.0> Supervisor basho_bench_sup started basho_bench_worker:start_link(basho_bench_worker_1, 1) at pid <0.95.0>
2016-03-10 12:36:05.825 [debug] <0.84.0> Supervisor basho_bench_sup started basho_bench_worker:start_link(basho_bench_worker_2, 2) at pid <0.98.0>
2016-03-10 12:36:05.826 [debug] <0.84.0> Supervisor basho_bench_sup started basho_bench_worker:start_link(basho_bench_worker_3, 3) at pid <0.100.0>
2016-03-10 12:36:05.827 [debug] <0.84.0> Supervisor basho_bench_sup started basho_bench_worker:start_link(basho_bench_worker_4, 4) at pid <0.102.0>
2016-03-10 12:36:05.828 [debug] <0.84.0> Supervisor basho_bench_sup started basho_bench_worker:start_link(basho_bench_worker_5, 5) at pid <0.104.0>
2016-03-10 12:36:05.828 [debug] <0.84.0> Supervisor basho_bench_sup started basho_bench_worker:start_link(basho_bench_worker_6, 6) at pid <0.106.0>
2016-03-10 12:36:05.829 [debug] <0.84.0> Supervisor basho_bench_sup started basho_bench_worker:start_link(basho_bench_worker_7, 7) at pid <0.108.0>
2016-03-10 12:36:05.830 [debug] <0.84.0> Supervisor basho_bench_sup started basho_bench_worker:start_link(basho_bench_worker_8, 8) at pid <0.110.0>
2016-03-10 12:36:05.830 [debug] <0.84.0> Supervisor basho_bench_sup started basho_bench_worker:start_link(basho_bench_worker_9, 9) at pid <0.112.0>
2016-03-10 12:36:05.831 [debug] <0.84.0> Supervisor basho_bench_sup started basho_bench_worker:start_link(basho_bench_worker_10, 10) at pid <0.114.0>
2016-03-10 12:36:05.832 [debug] <0.25.0> Supervisor kernel_safe_sup started timer:start_link() at pid <0.116.0>
2016-03-10 12:36:05.846 [info] <0.115.0>@basho_bench_worker:worker_idle_loop:237 Starting max worker: <0.115.0> on nonode@nohost
2016-03-10 12:36:05.846 [info] <0.113.0>@basho_bench_worker:worker_idle_loop:237 Starting max worker: <0.113.0> on nonode@nohost
2016-03-10 12:36:05.846 [info] <0.111.0>@basho_bench_worker:worker_idle_loop:237 Starting max worker: <0.111.0> on nonode@nohost
2016-03-10 12:36:05.846 [info] <0.109.0>@basho_bench_worker:worker_idle_loop:237 Starting max worker: <0.109.0> on nonode@nohost
2016-03-10 12:36:05.848 [info] <0.107.0>@basho_bench_worker:worker_idle_loop:237 Starting max worker: <0.107.0> on nonode@nohost
2016-03-10 12:36:05.852 [info] <0.105.0>@basho_bench_worker:worker_idle_loop:237 Starting max worker: <0.105.0> on nonode@nohost
2016-03-10 12:36:05.853 [info] <0.103.0>@basho_bench_worker:worker_idle_loop:237 Starting max worker: <0.103.0> on nonode@nohost
2016-03-10 12:36:05.855 [info] <0.101.0>@basho_bench_worker:worker_idle_loop:237 Starting max worker: <0.101.0> on nonode@nohost
2016-03-10 12:36:05.855 [info] <0.99.0>@basho_bench_worker:worker_idle_loop:237 Starting max worker: <0.99.0> on nonode@nohost
2016-03-10 12:36:05.856 [info] <0.97.0>@basho_bench_worker:worker_idle_loop:237 Starting max worker: <0.97.0> on nonode@nohost
2016-03-10 12:36:05.869 [info] <0.7.0> Application basho_bench started on node nonode@nohost
2016-03-10 12:39:10.277 [info] <0.85.0>@basho_bench_stats:report_total_errors:291 No Errors.
2016-03-10 12:39:10.277 [info] <0.85.0>@basho_bench_stats_writer_csv:terminate:62 module=basho_bench_stats_writer_csv event=stop stats_sink=csv
