2016-03-10 12:30:26.346 [debug] <0.53.0>@lager_handler_watcher:94 Lager installed handler {lager_file_backend,
                            "/Users/mallen/github/basho_bench/ets_basho_10/20160310_123026/error.log"} into lager_event
2016-03-10 12:30:26.346 [debug] <0.55.0>@lager_handler_watcher:94 Lager installed handler {lager_file_backend,
                            "/Users/mallen/github/basho_bench/ets_basho_10/20160310_123026/console.log"} into lager_event
2016-03-10 12:30:26.346 [debug] <0.57.0>@lager_handler_watcher:94 Lager installed handler error_logger_lager_h into error_logger
2016-03-10 12:30:26.384 [debug] <0.40.0> Supervisor gr_param_sup started gr_param:start_link(gr_lager_default_tracer_params) at pid <0.59.0>
2016-03-10 12:30:26.384 [debug] <0.39.0> Supervisor gr_counter_sup started gr_counter:start_link(gr_lager_default_tracer_counters) at pid <0.60.0>
2016-03-10 12:30:26.384 [debug] <0.41.0> Supervisor gr_manager_sup started gr_manager:start_link(gr_lager_default_tracer_params_mgr, gr_lager_default_tracer_params, []) at pid <0.61.0>
2016-03-10 12:30:26.385 [debug] <0.41.0> Supervisor gr_manager_sup started gr_manager:start_link(gr_lager_default_tracer_counters_mgr, gr_lager_default_tracer_counters, [{input,0},{filter,0},{output,0}]) at pid <0.62.0>
2016-03-10 12:30:26.819 [debug] <0.49.0>@lager_handler_watcher:94 Lager installed handler lager_backend_throttle into lager_event
2016-03-10 12:30:27.055 [info] <0.7.0> Application lager started on node nonode@nohost
2016-03-10 12:30:27.056 [notice] <0.46.0>@lager_file_backend:127 Changed loglevel of /Users/mallen/github/basho_bench/ets_basho_10/20160310_123026/console.log to debug
2016-03-10 12:30:27.063 [info] <0.2.0>@basho_bench_keygen:dimension:213 No dimension available for key generator: {int_to_bin_bigendian,{uniform_int,1000}}
2016-03-10 12:30:27.148 [debug] <0.71.0> Supervisor sasl_safe_sup started alarm_handler:start_link() at pid <0.72.0>
2016-03-10 12:30:27.148 [debug] <0.71.0> Supervisor sasl_safe_sup started overload:start_link() at pid <0.73.0>
2016-03-10 12:30:27.149 [debug] <0.70.0> Supervisor sasl_sup started supervisor:start_link({local,sasl_safe_sup}, sasl, safe) at pid <0.71.0>
2016-03-10 12:30:27.164 [debug] <0.70.0> Supervisor sasl_sup started release_handler:start_link() at pid <0.74.0>
2016-03-10 12:30:27.164 [info] <0.7.0> Application sasl started on node nonode@nohost
2016-03-10 12:30:27.249 [debug] <0.79.0> Supervisor crypto_sup started crypto_server:start_link() at pid <0.80.0>
2016-03-10 12:30:27.249 [info] <0.7.0> Application crypto started on node nonode@nohost
2016-03-10 12:30:27.292 [debug] <0.89.0> Supervisor folsom_sup started folsom_sample_slide_sup:start_link() at pid <0.90.0>
2016-03-10 12:30:27.298 [debug] <0.89.0> Supervisor folsom_sup started folsom_meter_timer_server:start_link() at pid <0.91.0>
2016-03-10 12:30:27.302 [debug] <0.89.0> Supervisor folsom_sup started folsom_metrics_histogram_ets:start_link() at pid <0.92.0>
2016-03-10 12:30:27.302 [info] <0.7.0> Application folsom started on node nonode@nohost
2016-03-10 12:30:27.356 [info] <0.85.0>@basho_bench_stats_writer_csv:new:43 module=basho_bench_stats_writer_csv event=start stats_sink=csv
2016-03-10 12:30:27.357 [debug] <0.84.0> Supervisor basho_bench_sup started basho_bench_stats:start_link() at pid <0.85.0>
2016-03-10 12:30:27.370 [info] <0.95.0>@basho_bench_valgen:init_source:88 Random source: calling crypto:rand_bytes(100663296) (override with the 'value_generator_source_size' config option
2016-03-10 12:30:31.716 [info] <0.95.0>@basho_bench_valgen:init_source:95 Random source: finished crypto:rand_bytes(100663296)
2016-03-10 12:30:31.735 [debug] <0.84.0> Supervisor basho_bench_sup started basho_bench_worker:start_link(basho_bench_worker_1, 1) at pid <0.95.0>
2016-03-10 12:30:31.735 [debug] <0.84.0> Supervisor basho_bench_sup started basho_bench_worker:start_link(basho_bench_worker_2, 2) at pid <0.98.0>
2016-03-10 12:30:31.736 [debug] <0.84.0> Supervisor basho_bench_sup started basho_bench_worker:start_link(basho_bench_worker_3, 3) at pid <0.100.0>
2016-03-10 12:30:31.736 [debug] <0.84.0> Supervisor basho_bench_sup started basho_bench_worker:start_link(basho_bench_worker_4, 4) at pid <0.102.0>
2016-03-10 12:30:31.736 [debug] <0.84.0> Supervisor basho_bench_sup started basho_bench_worker:start_link(basho_bench_worker_5, 5) at pid <0.104.0>
2016-03-10 12:30:31.737 [debug] <0.84.0> Supervisor basho_bench_sup started basho_bench_worker:start_link(basho_bench_worker_6, 6) at pid <0.106.0>
2016-03-10 12:30:31.737 [debug] <0.84.0> Supervisor basho_bench_sup started basho_bench_worker:start_link(basho_bench_worker_7, 7) at pid <0.108.0>
2016-03-10 12:30:31.738 [debug] <0.84.0> Supervisor basho_bench_sup started basho_bench_worker:start_link(basho_bench_worker_8, 8) at pid <0.110.0>
2016-03-10 12:30:31.738 [debug] <0.84.0> Supervisor basho_bench_sup started basho_bench_worker:start_link(basho_bench_worker_9, 9) at pid <0.112.0>
2016-03-10 12:30:31.738 [debug] <0.84.0> Supervisor basho_bench_sup started basho_bench_worker:start_link(basho_bench_worker_10, 10) at pid <0.114.0>
2016-03-10 12:30:31.739 [debug] <0.25.0> Supervisor kernel_safe_sup started timer:start_link() at pid <0.116.0>
2016-03-10 12:30:31.742 [info] <0.115.0>@basho_bench_worker:worker_idle_loop:237 Starting max worker: <0.115.0> on nonode@nohost
2016-03-10 12:30:31.742 [info] <0.113.0>@basho_bench_worker:worker_idle_loop:237 Starting max worker: <0.113.0> on nonode@nohost
2016-03-10 12:30:31.743 [info] <0.111.0>@basho_bench_worker:worker_idle_loop:237 Starting max worker: <0.111.0> on nonode@nohost
2016-03-10 12:30:31.743 [info] <0.109.0>@basho_bench_worker:worker_idle_loop:237 Starting max worker: <0.109.0> on nonode@nohost
2016-03-10 12:30:31.744 [info] <0.107.0>@basho_bench_worker:worker_idle_loop:237 Starting max worker: <0.107.0> on nonode@nohost
2016-03-10 12:30:31.744 [info] <0.105.0>@basho_bench_worker:worker_idle_loop:237 Starting max worker: <0.105.0> on nonode@nohost
2016-03-10 12:30:31.745 [info] <0.103.0>@basho_bench_worker:worker_idle_loop:237 Starting max worker: <0.103.0> on nonode@nohost
2016-03-10 12:30:31.746 [info] <0.101.0>@basho_bench_worker:worker_idle_loop:237 Starting max worker: <0.101.0> on nonode@nohost
2016-03-10 12:30:31.746 [info] <0.99.0>@basho_bench_worker:worker_idle_loop:237 Starting max worker: <0.99.0> on nonode@nohost
2016-03-10 12:30:31.747 [info] <0.97.0>@basho_bench_worker:worker_idle_loop:237 Starting max worker: <0.97.0> on nonode@nohost
2016-03-10 12:30:31.761 [info] <0.7.0> Application basho_bench started on node nonode@nohost
2016-03-10 12:33:34.367 [info] <0.85.0>@basho_bench_stats:report_total_errors:291 No Errors.
2016-03-10 12:33:34.367 [info] <0.85.0>@basho_bench_stats_writer_csv:terminate:62 module=basho_bench_stats_writer_csv event=stop stats_sink=csv
